\BOOKMARK [1][-]{section.1}{Introduction}{}% 1
\BOOKMARK [1][-]{section.2}{Related Work}{}% 2
\BOOKMARK [1][-]{section.3}{Experimental Framework: Decoupling World, Data, and Model}{}% 3
\BOOKMARK [1][-]{section.4}{World Representations Converge Under Multi-Task Learning}{}% 4
\BOOKMARK [1][-]{section.5}{Divergent Tasks Harm Entity Integration via Fine-Tuning}{}% 5
\BOOKMARK [1][-]{section.6}{Discussion}{}% 6
\BOOKMARK [1][-]{section.7}{Conclusion}{}% 7
\BOOKMARK [1][-]{appendix.A}{3D Visualizations}{}% 8
\BOOKMARK [1][-]{appendix.B}{Experimental Details}{}% 9
\BOOKMARK [2][-]{subsection.B.1}{World}{appendix.B}% 10
\BOOKMARK [2][-]{subsection.B.2}{Data Generation Process}{appendix.B}% 11
\BOOKMARK [2][-]{subsection.B.3}{Model and Training}{appendix.B}% 12
\BOOKMARK [1][-]{appendix.C}{Analysis Methods}{}% 13
\BOOKMARK [2][-]{subsection.C.1}{Evaluation}{appendix.C}% 14
\BOOKMARK [2][-]{subsection.C.2}{Representation Extraction}{appendix.C}% 15
\BOOKMARK [2][-]{subsection.C.3}{Linear Probing \046 PCA}{appendix.C}% 16
\BOOKMARK [2][-]{subsection.C.4}{Centered Kernel Alignment}{appendix.C}% 17
\BOOKMARK [1][-]{appendix.D}{Additional Experiments \046 Results}{}% 18
\BOOKMARK [2][-]{subsection.D.1}{Training Dynamics}{appendix.D}% 19
\BOOKMARK [2][-]{subsection.D.2}{Qualitative Representations}{appendix.D}% 20
\BOOKMARK [2][-]{subsection.D.3}{Additional CKA Results}{appendix.D}% 21
\BOOKMARK [2][-]{subsection.D.4}{Additional Fine-Tuning Evaluation Results}{appendix.D}% 22
\BOOKMARK [2][-]{subsection.D.5}{Pretraining Variations}{appendix.D}% 23
\BOOKMARK [1][-]{appendix.E}{Extended Related Work}{}% 24
\BOOKMARK [1][-]{appendix.F}{Code and Data Availability}{}% 25
